<?xml version="1.0" encoding="UTF-8"?>
<testng-results ignored="0" total="1" passed="1" failed="0" skipped="0">
  <reporter-output>
  </reporter-output>
  <suite started-at="2025-04-03T14:54:19 MESZ" name="Surefire suite" finished-at="2025-04-03T14:54:19 MESZ" duration-ms="57">
    <groups>
    </groups>
    <test started-at="2025-04-03T14:54:19 MESZ" name="Surefire test" finished-at="2025-04-03T14:54:19 MESZ" duration-ms="57">
      <class name="com.webecc.AppTest">
        <test-method signature="shouldAnswerWithTrue()" started-at="2025-04-03T14:54:19 MESZ" name="shouldAnswerWithTrue" finished-at="2025-04-03T14:54:19 MESZ" duration-ms="8" status="PASS">
          <reporter-output>
          </reporter-output>
        </test-method> <!-- shouldAnswerWithTrue -->
      </class> <!-- com.webecc.AppTest -->
    </test> <!-- Surefire test -->
  </suite> <!-- Surefire suite -->
</testng-results>
