<?xml version="1.0" encoding="UTF-8"?>
<!-- Generated by org.testng.reporters.JUnitXMLReporter -->
<testsuite ignored="0" hostname="ALIMHAMU-218394" failures="0" tests="13" name="Surefire test" time="96.189" errors="0" timestamp="2025-04-13T00:44:23 MESZ">
  <testcase classname="com.webecc.regressionstests.BaukastenRegressionsTest" name="loginTest" time="5.959"/>
  <testcase classname="com.webecc.regressionstests.BaukastenRegressionsTest" name="baukastenSuchen" time="12.317"/>
  <testcase classname="com.webecc.regressionstests.BaukastenRegressionsTest" name="bugTicketWEBECC3699" time="10.0"/>
  <testcase classname="com.webecc.regressionstests.KatalogSeitenRegressionsTest" name="loginTest" time="5.688"/>
  <testcase classname="com.webecc.regressionstests.KatalogSeitenRegressionsTest" name="sachnummernValidierungBeiStueckWWWEBECC3984Szenario3" time="17.101"/>
  <testcase classname="com.webecc.regressionstests.KatalogSeitenRegressionsTest" name="sachnummernValidierungBeiStueckWWWEBECC3984Szenario4" time="14.357"/>
  <testcase classname="com.webecc.regressionstests.LexikonRegressionTest" name="loginTest" time="5.92"/>
  <testcase classname="com.webecc.regressionstests.LexikonRegressionTest" name="openTheTextschluesselDetailansicht" time="0.995"/>
  <testcase classname="com.webecc.regressionstests.LexikonRegressionTest" name="textschluesselSuchen" time="0.989"/>
  <testcase classname="com.webecc.regressionstests.LexikonRegressionTest" name="checkTheHeaderText" time="0.031"/>
  <testcase classname="com.webecc.regressionstests.LexikonRegressionTest" name="dieTextLabelSollNichtExistierenWEBECC4032" time="10.516"/>
  <testcase classname="com.webecc.regressionstests.LexikonRegressionTest" name="istDerAnlegenVonNeueTextSchluesselErfolgreich" time="6.943"/>
  <testcase classname="com.webecc.regressionstests.LexikonRegressionTest" name="istNeuAngelegteTextSchluesselRichtigAngezeigt" time="0.118"/>
</testsuite> <!-- Surefire test -->
