<?xml version="1.0" encoding="UTF-8"?>
<!-- Generated by org.testng.reporters.JUnitXMLReporter -->
<testsuite ignored="0" hostname="ALIMHAMU-218394" failures="1" tests="14" name="Surefire test" time="95.831" errors="0" timestamp="2025-04-13T01:43:50 MESZ">
  <testcase classname="com.webecc.regressionstests.BaukastenRegressionsTest" name="loginTest" time="6.018"/>
  <testcase classname="com.webecc.regressionstests.BaukastenRegressionsTest" name="testAbsichtlichFehlgeschlagen" time="0.007">
    <failure type="java.lang.AssertionError" message="Dieser Test schlägt absichtlich fehl expected [true] but found [false]">
      <![CDATA[java.lang.AssertionError: Dieser Test schlägt absichtlich fehl expected [true] but found [false]
at com.webecc.regressionstests.BaukastenRegressionsTest.testAbsichtlichFehlgeschlagen(BaukastenRegressionsTest.java:75)
at java.base/java.util.ArrayList.forEach(ArrayList.java:1596)
... Removed 33 stack frames]]>
    </failure>
  </testcase> <!-- testAbsichtlichFehlgeschlagen -->
  <testcase classname="com.webecc.regressionstests.BaukastenRegressionsTest" name="baukastenSuchen" time="12.167"/>
  <testcase classname="com.webecc.regressionstests.BaukastenRegressionsTest" name="bugTicketWEBECC3699" time="9.803"/>
  <testcase classname="com.webecc.regressionstests.KatalogSeitenRegressionsTest" name="loginTest" time="5.947"/>
  <testcase classname="com.webecc.regressionstests.KatalogSeitenRegressionsTest" name="sachnummernValidierungBeiStueckWWWEBECC3984Szenario3" time="16.717"/>
  <testcase classname="com.webecc.regressionstests.KatalogSeitenRegressionsTest" name="sachnummernValidierungBeiStueckWWWEBECC3984Szenario4" time="13.649"/>
  <testcase classname="com.webecc.regressionstests.LexikonRegressionTest" name="loginTest" time="6.035"/>
  <testcase classname="com.webecc.regressionstests.LexikonRegressionTest" name="openTheTextschluesselDetailansicht" time="0.91"/>
  <testcase classname="com.webecc.regressionstests.LexikonRegressionTest" name="textschluesselSuchen" time="0.869"/>
  <testcase classname="com.webecc.regressionstests.LexikonRegressionTest" name="checkTheHeaderText" time="0.024"/>
  <testcase classname="com.webecc.regressionstests.LexikonRegressionTest" name="dieTextLabelSollNichtExistierenWEBECC4032" time="10.372"/>
  <testcase classname="com.webecc.regressionstests.LexikonRegressionTest" name="istDerAnlegenVonNeueTextSchluesselErfolgreich" time="7.607"/>
  <testcase classname="com.webecc.regressionstests.LexikonRegressionTest" name="istNeuAngelegteTextSchluesselRichtigAngezeigt" time="0.148"/>
</testsuite> <!-- Surefire test -->
