-------------------------------------------------------------------------------
Test set: TestSuite
-------------------------------------------------------------------------------
Tests run: 14, Failures: 1, Errors: 0, Skipped: 0, Time elapsed: 96.406 s <<< FAILURE! - in TestSuite
testAbsichtlichFehlgeschlagen(com.webecc.regressionstests.BaukastenRegressionsTest)  Time elapsed: 0.015 s  <<< FAILURE!
java.lang.AssertionError: Dieser Test schlÃ¤gt absichtlich fehl expected [true] but found [false]
	at com.webecc.regressionstests.BaukastenRegressionsTest.testAbsichtlichFehlgeschlagen(BaukastenRegressionsTest.java:75)

