<?xml version="1.0" encoding="UTF-8"?>
<testng-results ignored="0" total="13" passed="13" failed="0" skipped="0">
  <reporter-output>
  </reporter-output>
  <suite started-at="2025-04-13T00:42:46 MESZ" name="Surefire suite" finished-at="2025-04-13T00:44:23 MESZ" duration-ms="96189">
    <groups>
    </groups>
    <test started-at="2025-04-13T00:42:46 MESZ" name="Surefire test" finished-at="2025-04-13T00:44:23 MESZ" duration-ms="96189">
      <class name="com.webecc.regressionstests.BaukastenRegressionsTest">
        <test-method is-config="true" signature="setup()[pri:0, instance:com.webecc.regressionstests.BaukastenRegressionsTest@7d3a22a9]" started-at="2025-04-13T00:42:46 MESZ" name="setup" finished-at="2025-04-13T00:42:49 MESZ" duration-ms="2136" status="PASS">
          <reporter-output>
          </reporter-output>
        </test-method> <!-- setup -->
        <test-method signature="loginTest()[pri:1, instance:com.webecc.regressionstests.BaukastenRegressionsTest@7d3a22a9]" started-at="2025-04-13T00:42:51 MESZ" name="loginTest" finished-at="2025-04-13T00:42:57 MESZ" duration-ms="5959" status="PASS">
          <reporter-output>
          </reporter-output>
        </test-method> <!-- loginTest -->
        <test-method signature="baukastenSuchen()[pri:2, instance:com.webecc.regressionstests.BaukastenRegressionsTest@7d3a22a9]" started-at="2025-04-13T00:42:57 MESZ" name="baukastenSuchen" finished-at="2025-04-13T00:43:09 MESZ" duration-ms="12317" status="PASS">
          <reporter-output>
          </reporter-output>
        </test-method> <!-- baukastenSuchen -->
        <test-method signature="bugTicketWEBECC3699()[pri:3, instance:com.webecc.regressionstests.BaukastenRegressionsTest@7d3a22a9]" started-at="2025-04-13T00:43:09 MESZ" name="bugTicketWEBECC3699" finished-at="2025-04-13T00:43:19 MESZ" duration-ms="10000" status="PASS">
          <reporter-output>
          </reporter-output>
        </test-method> <!-- bugTicketWEBECC3699 -->
        <test-method is-config="true" signature="tearDown()[pri:0, instance:com.webecc.regressionstests.BaukastenRegressionsTest@7d3a22a9]" started-at="2025-04-13T00:44:22 MESZ" name="tearDown" finished-at="2025-04-13T00:44:22 MESZ" duration-ms="301" status="PASS">
          <reporter-output>
          </reporter-output>
        </test-method> <!-- tearDown -->
      </class> <!-- com.webecc.regressionstests.BaukastenRegressionsTest -->
      <class name="com.webecc.regressionstests.KatalogSeitenRegressionsTest">
        <test-method is-config="true" signature="setup()[pri:0, instance:com.webecc.regressionstests.KatalogSeitenRegressionsTest@23529fee]" started-at="2025-04-13T00:42:49 MESZ" name="setup" finished-at="2025-04-13T00:42:50 MESZ" duration-ms="1048" status="PASS">
          <reporter-output>
          </reporter-output>
        </test-method> <!-- setup -->
        <test-method signature="loginTest()[pri:1, instance:com.webecc.regressionstests.KatalogSeitenRegressionsTest@23529fee]" started-at="2025-04-13T00:43:19 MESZ" name="loginTest" finished-at="2025-04-13T00:43:25 MESZ" duration-ms="5688" status="PASS">
          <reporter-output>
          </reporter-output>
        </test-method> <!-- loginTest -->
        <test-method signature="sachnummernValidierungBeiStueckWWWEBECC3984Szenario3()[pri:2, instance:com.webecc.regressionstests.KatalogSeitenRegressionsTest@23529fee]" started-at="2025-04-13T00:43:25 MESZ" name="sachnummernValidierungBeiStueckWWWEBECC3984Szenario3" finished-at="2025-04-13T00:43:42 MESZ" duration-ms="17101" status="PASS">
          <reporter-output>
          </reporter-output>
        </test-method> <!-- sachnummernValidierungBeiStueckWWWEBECC3984Szenario3 -->
        <test-method signature="sachnummernValidierungBeiStueckWWWEBECC3984Szenario4()[pri:3, instance:com.webecc.regressionstests.KatalogSeitenRegressionsTest@23529fee]" started-at="2025-04-13T00:43:42 MESZ" name="sachnummernValidierungBeiStueckWWWEBECC3984Szenario4" finished-at="2025-04-13T00:43:56 MESZ" duration-ms="14357" status="PASS">
          <reporter-output>
          </reporter-output>
        </test-method> <!-- sachnummernValidierungBeiStueckWWWEBECC3984Szenario4 -->
        <test-method is-config="true" signature="tearDown()[pri:0, instance:com.webecc.regressionstests.KatalogSeitenRegressionsTest@23529fee]" started-at="2025-04-13T00:44:22 MESZ" name="tearDown" finished-at="2025-04-13T00:44:22 MESZ" duration-ms="380" status="PASS">
          <reporter-output>
          </reporter-output>
        </test-method> <!-- tearDown -->
      </class> <!-- com.webecc.regressionstests.KatalogSeitenRegressionsTest -->
      <class name="com.webecc.regressionstests.LexikonRegressionTest">
        <test-method is-config="true" signature="setup()[pri:0, instance:com.webecc.regressionstests.LexikonRegressionTest@4fe767f3]" started-at="2025-04-13T00:42:50 MESZ" name="setup" finished-at="2025-04-13T00:42:51 MESZ" duration-ms="1112" status="PASS">
          <reporter-output>
          </reporter-output>
        </test-method> <!-- setup -->
        <test-method signature="loginTest()[pri:1, instance:com.webecc.regressionstests.LexikonRegressionTest@4fe767f3]" started-at="2025-04-13T00:43:56 MESZ" name="loginTest" finished-at="2025-04-13T00:44:02 MESZ" duration-ms="5920" status="PASS">
          <reporter-output>
          </reporter-output>
        </test-method> <!-- loginTest -->
        <test-method signature="openTheTextschluesselDetailansicht()[pri:2, instance:com.webecc.regressionstests.LexikonRegressionTest@4fe767f3]" started-at="2025-04-13T00:44:02 MESZ" name="openTheTextschluesselDetailansicht" finished-at="2025-04-13T00:44:03 MESZ" duration-ms="995" status="PASS">
          <reporter-output>
          </reporter-output>
        </test-method> <!-- openTheTextschluesselDetailansicht -->
        <test-method signature="textschluesselSuchen()[pri:3, instance:com.webecc.regressionstests.LexikonRegressionTest@4fe767f3]" started-at="2025-04-13T00:44:03 MESZ" name="textschluesselSuchen" finished-at="2025-04-13T00:44:04 MESZ" duration-ms="989" status="PASS">
          <reporter-output>
          </reporter-output>
        </test-method> <!-- textschluesselSuchen -->
        <test-method signature="checkTheHeaderText()[pri:4, instance:com.webecc.regressionstests.LexikonRegressionTest@4fe767f3]" started-at="2025-04-13T00:44:04 MESZ" name="checkTheHeaderText" finished-at="2025-04-13T00:44:04 MESZ" duration-ms="31" status="PASS">
          <reporter-output>
          </reporter-output>
        </test-method> <!-- checkTheHeaderText -->
        <test-method signature="dieTextLabelSollNichtExistierenWEBECC4032()[pri:5, instance:com.webecc.regressionstests.LexikonRegressionTest@4fe767f3]" started-at="2025-04-13T00:44:04 MESZ" name="dieTextLabelSollNichtExistierenWEBECC4032" finished-at="2025-04-13T00:44:15 MESZ" duration-ms="10516" status="PASS">
          <reporter-output>
          </reporter-output>
        </test-method> <!-- dieTextLabelSollNichtExistierenWEBECC4032 -->
        <test-method signature="istDerAnlegenVonNeueTextSchluesselErfolgreich()[pri:6, instance:com.webecc.regressionstests.LexikonRegressionTest@4fe767f3]" started-at="2025-04-13T00:44:15 MESZ" name="istDerAnlegenVonNeueTextSchluesselErfolgreich" finished-at="2025-04-13T00:44:22 MESZ" duration-ms="6943" status="PASS">
          <reporter-output>
          </reporter-output>
        </test-method> <!-- istDerAnlegenVonNeueTextSchluesselErfolgreich -->
        <test-method signature="istNeuAngelegteTextSchluesselRichtigAngezeigt()[pri:7, instance:com.webecc.regressionstests.LexikonRegressionTest@4fe767f3]" started-at="2025-04-13T00:44:22 MESZ" name="istNeuAngelegteTextSchluesselRichtigAngezeigt" finished-at="2025-04-13T00:44:22 MESZ" duration-ms="118" status="PASS">
          <reporter-output>
          </reporter-output>
        </test-method> <!-- istNeuAngelegteTextSchluesselRichtigAngezeigt -->
        <test-method is-config="true" signature="tearDown()[pri:0, instance:com.webecc.regressionstests.LexikonRegressionTest@4fe767f3]" started-at="2025-04-13T00:44:22 MESZ" name="tearDown" finished-at="2025-04-13T00:44:23 MESZ" duration-ms="219" status="PASS">
          <reporter-output>
          </reporter-output>
        </test-method> <!-- tearDown -->
      </class> <!-- com.webecc.regressionstests.LexikonRegressionTest -->
    </test> <!-- Surefire test -->
  </suite> <!-- Surefire suite -->
</testng-results>
