<?xml version="1.0" encoding="UTF-8"?>
<testsuite xmlns:xsi="http://www.w3.org/2001/XMLSchema-instance" xsi:noNamespaceSchemaLocation="https://maven.apache.org/surefire/maven-surefire-plugin/xsd/surefire-test-report.xsd" name="TestSuite" time="96.672" tests="13" errors="0" skipped="0" failures="0">
  <properties>
[...]
</properties>
  <testcase name="loginTest" classname="com.webecc.regressionstests.BaukastenRegressionsTest" time="5.96"/>
  <testcase name="baukastenSuchen" classname="com.webecc.regressionstests.BaukastenRegressionsTest" time="12.317"/>
  <testcase name="bugTicketWEBECC3699" classname="com.webecc.regressionstests.BaukastenRegressionsTest" time="10"/>
  <testcase name="loginTest" classname="com.webecc.regressionstests.KatalogSeitenRegressionsTest" time="5.688"/>
  <testcase name="sachnummernValidierungBeiStueckWWWEBECC3984Szenario3" classname="com.webecc.regressionstests.KatalogSeitenRegressionsTest" time="17.102"/>
  <testcase name="sachnummernValidierungBeiStueckWWWEBECC3984Szenario4" classname="com.webecc.regressionstests.KatalogSeitenRegressionsTest" time="14.356"/>
  <testcase name="loginTest" classname="com.webecc.regressionstests.LexikonRegressionTest" time="5.921"/>
  <testcase name="openTheTextschluesselDetailansicht" classname="com.webecc.regressionstests.LexikonRegressionTest" time="0.995"/>
  <testcase name="textschluesselSuchen" classname="com.webecc.regressionstests.LexikonRegressionTest" time="0.99"/>
  <testcase name="checkTheHeaderText" classname="com.webecc.regressionstests.LexikonRegressionTest" time="0.032"/>
  <testcase name="dieTextLabelSollNichtExistierenWEBECC4032" classname="com.webecc.regressionstests.LexikonRegressionTest" time="10.518"/>
  <testcase name="istDerAnlegenVonNeueTextSchluesselErfolgreich" classname="com.webecc.regressionstests.LexikonRegressionTest" time="6.942"/>
  <testcase name="istNeuAngelegteTextSchluesselRichtigAngezeigt" classname="com.webecc.regressionstests.LexikonRegressionTest" time="0.118"/>
</testsuite>