<?xml version="1.0" encoding="UTF-8"?>
<testsuite xmlns:xsi="http://www.w3.org/2001/XMLSchema-instance" xsi:noNamespaceSchemaLocation="https://maven.apache.org/surefire/maven-surefire-plugin/xsd/surefire-test-report.xsd" name="TestSuite" time="162.165" tests="13" errors="0" skipped="0" failures="3">
  <properties>
[...]
</properties>
  <testcase name="loginTest" classname="com.webecc.regressionstests.BaukastenRegressionsTest" time="73.223">
    <failure message="Expected condition failed: waiting for visibility of Proxy element for: DefaultElementLocator &apos;By.cssSelector: button.app-button-logout&apos; (tried for 60 second(s) with 500 milliseconds interval)" type="org.openqa.selenium.TimeoutException">org.openqa.selenium.TimeoutException: Expected condition failed: waiting for visibility of Proxy element for: DefaultElementLocator 'By.cssSelector: button.app-button-logout' (tried for 60 second(s) with 500 milliseconds interval)
	at com.webecc.regressionstests.BaukastenRegressionsTest.loginTest(BaukastenRegressionsTest.java:69)
Caused by: org.openqa.selenium.NoSuchElementException: 
no such element: Unable to locate element: {"method":"css selector","selector":"button.app-button-logout"}
  (Session info: chrome=135.0.7049.85)
For documentation on this error, please visit: https://www.selenium.dev/documentation/webdriver/troubleshooting/errors#no-such-element-exception
Build info: version: '4.20.0', revision: '866c76ca80'
System info: os.name: 'Windows 11', os.arch: 'amd64', os.version: '10.0', java.version: '21.0.2'
Driver info: org.openqa.selenium.chrome.ChromeDriver
Command: [109b5b7a273728b884d800b673034a2c, findElement {value=button.app-button-logout, using=css selector}]
Capabilities {acceptInsecureCerts: false, browserName: chrome, browserVersion: 135.0.7049.85, chrome: {chromedriverVersion: 135.0.7049.84 (6c019e560019..., userDataDir: C:\Users\ALIM~1.HAM\AppData...}, fedcm:accounts: true, goog:chromeOptions: {debuggerAddress: localhost:59399}, networkConnectionEnabled: false, pageLoadStrategy: normal, platformName: windows, proxy: Proxy(), se:cdp: ws://localhost:59399/devtoo..., se:cdpVersion: 135.0.7049.85, setWindowRect: true, strictFileInteractability: false, timeouts: {implicit: 0, pageLoad: 300000, script: 30000}, unhandledPromptBehavior: dismiss and notify, webauthn:extension:credBlob: true, webauthn:extension:largeBlob: true, webauthn:extension:minPinLength: true, webauthn:extension:prf: true, webauthn:virtualAuthenticators: true}
Session ID: 109b5b7a273728b884d800b673034a2c
	at com.webecc.regressionstests.BaukastenRegressionsTest.loginTest(BaukastenRegressionsTest.java:69)
</failure>
    <system-out><![CDATA[Element nicht sichtbar oder nicht klickbar: Expected condition failed: waiting for visibility of Proxy element for: DefaultElementLocator 'By.cssSelector: .modal-content.ng-tns-c1772524388-2' (tried for 10 second(s) with 500 milliseconds interval)
]]></system-out>
    <system-err><![CDATA[SLF4J: Failed to load class "org.slf4j.impl.StaticLoggerBinder".
SLF4J: Defaulting to no-operation (NOP) logger implementation
SLF4J: See http://www.slf4j.org/codes.html#StaticLoggerBinder for further details.
Apr. 12, 2025 2:51:47 PM org.openqa.selenium.devtools.CdpVersionFinder findNearestMatch
WARNUNG: Unable to find CDP implementation matching 135
Apr. 12, 2025 2:51:47 PM org.openqa.selenium.chromium.ChromiumDriver lambda$new$5
WARNUNG: Unable to find version of CDP to use for 135.0.7049.85. You may need to include a dependency on a specific version of the CDP using something similar to `org.seleniumhq.selenium:selenium-devtools-v86:4.20.0` where the version ("v86") matches the version of the chromium-based browser you're using and the version number of the artifact is the same as Selenium's.
Apr. 12, 2025 2:51:49 PM org.openqa.selenium.devtools.CdpVersionFinder findNearestMatch
WARNUNG: Unable to find CDP implementation matching 135
Apr. 12, 2025 2:51:49 PM org.openqa.selenium.chromium.ChromiumDriver lambda$new$5
WARNUNG: Unable to find version of CDP to use for 135.0.7049.85. You may need to include a dependency on a specific version of the CDP using something similar to `org.seleniumhq.selenium:selenium-devtools-v86:4.20.0` where the version ("v86") matches the version of the chromium-based browser you're using and the version number of the artifact is the same as Selenium's.
Apr. 12, 2025 2:51:50 PM org.openqa.selenium.devtools.CdpVersionFinder findNearestMatch
WARNUNG: Unable to find CDP implementation matching 135
Apr. 12, 2025 2:51:50 PM org.openqa.selenium.chromium.ChromiumDriver lambda$new$5
WARNUNG: Unable to find version of CDP to use for 135.0.7049.85. You may need to include a dependency on a specific version of the CDP using something similar to `org.seleniumhq.selenium:selenium-devtools-v86:4.20.0` where the version ("v86") matches the version of the chromium-based browser you're using and the version number of the artifact is the same as Selenium's.
]]></system-err>
  </testcase>
  <testcase name="baukastenSuchen" classname="com.webecc.regressionstests.BaukastenRegressionsTest" time="10.501">
    <failure message="Expected condition failed: waiting for visibility of Proxy element for: DefaultElementLocator &apos;By.cssSelector: #menuDropdownTriggerPartsList&apos; (tried for 10 second(s) with 500 milliseconds interval)" type="org.openqa.selenium.TimeoutException">org.openqa.selenium.TimeoutException: Expected condition failed: waiting for visibility of Proxy element for: DefaultElementLocator 'By.cssSelector: #menuDropdownTriggerPartsList' (tried for 10 second(s) with 500 milliseconds interval)
	at com.webecc.regressionstests.BaukastenRegressionsTest.baukastenSuchen(BaukastenRegressionsTest.java:75)
Caused by: org.openqa.selenium.NoSuchElementException: 
no such element: Unable to locate element: {"method":"css selector","selector":"#menuDropdownTriggerPartsList"}
  (Session info: chrome=135.0.7049.85)
For documentation on this error, please visit: https://www.selenium.dev/documentation/webdriver/troubleshooting/errors#no-such-element-exception
Build info: version: '4.20.0', revision: '866c76ca80'
System info: os.name: 'Windows 11', os.arch: 'amd64', os.version: '10.0', java.version: '21.0.2'
Driver info: org.openqa.selenium.chrome.ChromeDriver
Command: [109b5b7a273728b884d800b673034a2c, findElement {value=#menuDropdownTriggerPartsList, using=css selector}]
Capabilities {acceptInsecureCerts: false, browserName: chrome, browserVersion: 135.0.7049.85, chrome: {chromedriverVersion: 135.0.7049.84 (6c019e560019..., userDataDir: C:\Users\ALIM~1.HAM\AppData...}, fedcm:accounts: true, goog:chromeOptions: {debuggerAddress: localhost:59399}, networkConnectionEnabled: false, pageLoadStrategy: normal, platformName: windows, proxy: Proxy(), se:cdp: ws://localhost:59399/devtoo..., se:cdpVersion: 135.0.7049.85, setWindowRect: true, strictFileInteractability: false, timeouts: {implicit: 0, pageLoad: 300000, script: 30000}, unhandledPromptBehavior: dismiss and notify, webauthn:extension:credBlob: true, webauthn:extension:largeBlob: true, webauthn:extension:minPinLength: true, webauthn:extension:prf: true, webauthn:virtualAuthenticators: true}
Session ID: 109b5b7a273728b884d800b673034a2c
	at com.webecc.regressionstests.BaukastenRegressionsTest.baukastenSuchen(BaukastenRegressionsTest.java:75)
</failure>
    <system-out><![CDATA[📸 Screenshot gespeichert unter: C:\Users\Alim.Hamut\Desktop\Web Development\Testautomation\webECC\java-selenium\target\screenshots\loginTest_20250412_145303.png
]]></system-out>
  </testcase>
  <testcase name="bugTicketWEBECC3699" classname="com.webecc.regressionstests.BaukastenRegressionsTest" time="10.439">
    <failure message="Expected condition failed: waiting for visibility of Proxy element for: DefaultElementLocator &apos;By.xpath: //cds-icon[starts-with(@id, &apos;showHideColumnsButton_&apos;)]&apos; (tried for 10 second(s) with 500 milliseconds interval)" type="org.openqa.selenium.TimeoutException">org.openqa.selenium.TimeoutException: Expected condition failed: waiting for visibility of Proxy element for: DefaultElementLocator 'By.xpath: //cds-icon[starts-with(@id, 'showHideColumnsButton_')]' (tried for 10 second(s) with 500 milliseconds interval)
	at com.webecc.regressionstests.BaukastenRegressionsTest.bugTicketWEBECC3699(BaukastenRegressionsTest.java:81)
Caused by: org.openqa.selenium.NoSuchElementException: 
no such element: Unable to locate element: {"method":"xpath","selector":"//cds-icon[starts-with(@id, 'showHideColumnsButton_')]"}
  (Session info: chrome=135.0.7049.85)
For documentation on this error, please visit: https://www.selenium.dev/documentation/webdriver/troubleshooting/errors#no-such-element-exception
Build info: version: '4.20.0', revision: '866c76ca80'
System info: os.name: 'Windows 11', os.arch: 'amd64', os.version: '10.0', java.version: '21.0.2'
Driver info: org.openqa.selenium.chrome.ChromeDriver
Command: [109b5b7a273728b884d800b673034a2c, findElement {value=//cds-icon[starts-with(@id, 'showHideColumnsButton_')], using=xpath}]
Capabilities {acceptInsecureCerts: false, browserName: chrome, browserVersion: 135.0.7049.85, chrome: {chromedriverVersion: 135.0.7049.84 (6c019e560019..., userDataDir: C:\Users\ALIM~1.HAM\AppData...}, fedcm:accounts: true, goog:chromeOptions: {debuggerAddress: localhost:59399}, networkConnectionEnabled: false, pageLoadStrategy: normal, platformName: windows, proxy: Proxy(), se:cdp: ws://localhost:59399/devtoo..., se:cdpVersion: 135.0.7049.85, setWindowRect: true, strictFileInteractability: false, timeouts: {implicit: 0, pageLoad: 300000, script: 30000}, unhandledPromptBehavior: dismiss and notify, webauthn:extension:credBlob: true, webauthn:extension:largeBlob: true, webauthn:extension:minPinLength: true, webauthn:extension:prf: true, webauthn:virtualAuthenticators: true}
Session ID: 109b5b7a273728b884d800b673034a2c
	at com.webecc.regressionstests.BaukastenRegressionsTest.bugTicketWEBECC3699(BaukastenRegressionsTest.java:81)
</failure>
    <system-out><![CDATA[📸 Screenshot gespeichert unter: C:\Users\Alim.Hamut\Desktop\Web Development\Testautomation\webECC\java-selenium\target\screenshots\baukastenSuchen_20250412_145314.png
]]></system-out>
  </testcase>
  <testcase name="loginTest" classname="com.webecc.regressionstests.KatalogSeitenRegressionsTest" time="6.119"/>
  <testcase name="sachnummernValidierungBeiStueckWWWEBECC3984Szenario3" classname="com.webecc.regressionstests.KatalogSeitenRegressionsTest" time="16.666"/>
  <testcase name="sachnummernValidierungBeiStueckWWWEBECC3984Szenario4" classname="com.webecc.regressionstests.KatalogSeitenRegressionsTest" time="15.176"/>
  <testcase name="loginTest" classname="com.webecc.regressionstests.LexikonRegressionTest" time="5.731"/>
  <testcase name="openTheTextschluesselDetailansicht" classname="com.webecc.regressionstests.LexikonRegressionTest" time="1.069"/>
  <testcase name="textschluesselSuchen" classname="com.webecc.regressionstests.LexikonRegressionTest" time="0.992"/>
  <testcase name="checkTheHeaderText" classname="com.webecc.regressionstests.LexikonRegressionTest" time="0.028"/>
  <testcase name="dieTextLabelSollNichtExistierenWEBECC4032" classname="com.webecc.regressionstests.LexikonRegressionTest" time="10.398"/>
  <testcase name="istDerAnlegenVonNeueTextSchluesselErfolgreich" classname="com.webecc.regressionstests.LexikonRegressionTest" time="6.061"/>
  <testcase name="istNeuAngelegteTextSchluesselRichtigAngezeigt" classname="com.webecc.regressionstests.LexikonRegressionTest" time="0.144"/>
</testsuite>