<?xml version="1.0" encoding="UTF-8"?>
<testsuite xmlns:xsi="http://www.w3.org/2001/XMLSchema-instance" xsi:noNamespaceSchemaLocation="https://maven.apache.org/surefire/maven-surefire-plugin/xsd/surefire-test-report.xsd" name="TestSuite" time="194.334" tests="16" errors="0" skipped="0" failures="1">
  <properties>
[...]
</properties>
  <testcase name="loginTest" classname="com.webecc.regressionstests.KatalogSeitenRegressionsTest" time="13.618"/>
  <testcase name="sachnummernValidierungBeiStueckWWWEBECC3984Szenario3" classname="com.webecc.regressionstests.KatalogSeitenRegressionsTest" time="22.463"/>
  <testcase name="sachnummernValidierungBeiStueckWWWEBECC3984Szenario4" classname="com.webecc.regressionstests.KatalogSeitenRegressionsTest" time="21.677"/>
  <testcase name="loginTest" classname="com.webecc.regressionstests.LexikonRegressionTest" time="13.12"/>
  <testcase name="openTheTextschluesselDetailansicht" classname="com.webecc.regressionstests.LexikonRegressionTest" time="1.951"/>
  <testcase name="textschluesselSuchen" classname="com.webecc.regressionstests.LexikonRegressionTest" time="1.957"/>
  <testcase name="checkTheHeaderText" classname="com.webecc.regressionstests.LexikonRegressionTest" time="0.061"/>
  <testcase name="dieTextLabelSollNichtExistierenWEBECC4032" classname="com.webecc.regressionstests.LexikonRegressionTest" time="10.85"/>
  <testcase name="istDerAnlegenVonNeueTextSchluesselErfolgreich" classname="com.webecc.regressionstests.LexikonRegressionTest" time="16.723"/>
  <testcase name="istNeuAngelegteTextSchluesselRichtigAngezeigt" classname="com.webecc.regressionstests.LexikonRegressionTest" time="0.344"/>
  <testcase name="loginTest" classname="com.webecc.regressionstests.BaukastenRegressionsTest" time="13.29"/>
  <testcase name="testAbsichtlichFehlgeschlagen" classname="com.webecc.regressionstests.BaukastenRegressionsTest" time="0.588">
    <failure message="Dieser Test schlägt absichtlich fehl expected [true] but found [false]" type="java.lang.AssertionError">java.lang.AssertionError: Dieser Test schlägt absichtlich fehl expected [true] but found [false]
	at com.webecc.regressionstests.BaukastenRegressionsTest.testAbsichtlichFehlgeschlagen(BaukastenRegressionsTest.java:82)
</failure>
    <system-out><![CDATA[? Screenshot gespeichert unter: C:\Users\Alim.Hamut\Desktop\Web Development\Testautomation\webECC\java-selenium\target\screenshots\testAbsichtlichFehlgeschlagen_20250413_192512.png
]]></system-out>
  </testcase>
  <testcase name="baukastenSuchen" classname="com.webecc.regressionstests.BaukastenRegressionsTest" time="24.435"/>
  <testcase name="bugTicketWEBECC3699" classname="com.webecc.regressionstests.BaukastenRegressionsTest" time="41.432"/>
  <testcase name="dummyVisibleTest" classname="com.webecc.regressionstests.BaukastenRegressionsTest" time="0.012"/>
  <testcase name="allureSmokeTest" classname="com.webecc.regressionstests.BaukastenRegressionsTest" time="0.025"/>
</testsuite>