-------------------------------------------------------------------------------
Test set: TestSuite
-------------------------------------------------------------------------------
Tests run: 13, Failures: 3, Errors: 0, Skipped: 0, Time elapsed: 162.165 s <<< FAILURE! - in TestSuite
loginTest(com.webecc.regressionstests.BaukastenRegressionsTest)  Time elapsed: 73.223 s  <<< FAILURE!
org.openqa.selenium.TimeoutException: Expected condition failed: waiting for visibility of Proxy element for: DefaultElementLocator 'By.cssSelector: button.app-button-logout' (tried for 60 second(s) with 500 milliseconds interval)
	at com.webecc.regressionstests.BaukastenRegressionsTest.loginTest(BaukastenRegressionsTest.java:69)
Caused by: org.openqa.selenium.NoSuchElementException: 
no such element: Unable to locate element: {"method":"css selector","selector":"button.app-button-logout"}
  (Session info: chrome=135.0.7049.85)
For documentation on this error, please visit: https://www.selenium.dev/documentation/webdriver/troubleshooting/errors#no-such-element-exception
Build info: version: '4.20.0', revision: '866c76ca80'
System info: os.name: 'Windows 11', os.arch: 'amd64', os.version: '10.0', java.version: '21.0.2'
Driver info: org.openqa.selenium.chrome.ChromeDriver
Command: [109b5b7a273728b884d800b673034a2c, findElement {value=button.app-button-logout, using=css selector}]
Capabilities {acceptInsecureCerts: false, browserName: chrome, browserVersion: 135.0.7049.85, chrome: {chromedriverVersion: 135.0.7049.84 (6c019e560019..., userDataDir: C:\Users\ALIM~1.HAM\AppData...}, fedcm:accounts: true, goog:chromeOptions: {debuggerAddress: localhost:59399}, networkConnectionEnabled: false, pageLoadStrategy: normal, platformName: windows, proxy: Proxy(), se:cdp: ws://localhost:59399/devtoo..., se:cdpVersion: 135.0.7049.85, setWindowRect: true, strictFileInteractability: false, timeouts: {implicit: 0, pageLoad: 300000, script: 30000}, unhandledPromptBehavior: dismiss and notify, webauthn:extension:credBlob: true, webauthn:extension:largeBlob: true, webauthn:extension:minPinLength: true, webauthn:extension:prf: true, webauthn:virtualAuthenticators: true}
Session ID: 109b5b7a273728b884d800b673034a2c
	at com.webecc.regressionstests.BaukastenRegressionsTest.loginTest(BaukastenRegressionsTest.java:69)

baukastenSuchen(com.webecc.regressionstests.BaukastenRegressionsTest)  Time elapsed: 10.501 s  <<< FAILURE!
org.openqa.selenium.TimeoutException: Expected condition failed: waiting for visibility of Proxy element for: DefaultElementLocator 'By.cssSelector: #menuDropdownTriggerPartsList' (tried for 10 second(s) with 500 milliseconds interval)
	at com.webecc.regressionstests.BaukastenRegressionsTest.baukastenSuchen(BaukastenRegressionsTest.java:75)
Caused by: org.openqa.selenium.NoSuchElementException: 
no such element: Unable to locate element: {"method":"css selector","selector":"#menuDropdownTriggerPartsList"}
  (Session info: chrome=135.0.7049.85)
For documentation on this error, please visit: https://www.selenium.dev/documentation/webdriver/troubleshooting/errors#no-such-element-exception
Build info: version: '4.20.0', revision: '866c76ca80'
System info: os.name: 'Windows 11', os.arch: 'amd64', os.version: '10.0', java.version: '21.0.2'
Driver info: org.openqa.selenium.chrome.ChromeDriver
Command: [109b5b7a273728b884d800b673034a2c, findElement {value=#menuDropdownTriggerPartsList, using=css selector}]
Capabilities {acceptInsecureCerts: false, browserName: chrome, browserVersion: 135.0.7049.85, chrome: {chromedriverVersion: 135.0.7049.84 (6c019e560019..., userDataDir: C:\Users\ALIM~1.HAM\AppData...}, fedcm:accounts: true, goog:chromeOptions: {debuggerAddress: localhost:59399}, networkConnectionEnabled: false, pageLoadStrategy: normal, platformName: windows, proxy: Proxy(), se:cdp: ws://localhost:59399/devtoo..., se:cdpVersion: 135.0.7049.85, setWindowRect: true, strictFileInteractability: false, timeouts: {implicit: 0, pageLoad: 300000, script: 30000}, unhandledPromptBehavior: dismiss and notify, webauthn:extension:credBlob: true, webauthn:extension:largeBlob: true, webauthn:extension:minPinLength: true, webauthn:extension:prf: true, webauthn:virtualAuthenticators: true}
Session ID: 109b5b7a273728b884d800b673034a2c
	at com.webecc.regressionstests.BaukastenRegressionsTest.baukastenSuchen(BaukastenRegressionsTest.java:75)

bugTicketWEBECC3699(com.webecc.regressionstests.BaukastenRegressionsTest)  Time elapsed: 10.439 s  <<< FAILURE!
org.openqa.selenium.TimeoutException: Expected condition failed: waiting for visibility of Proxy element for: DefaultElementLocator 'By.xpath: //cds-icon[starts-with(@id, 'showHideColumnsButton_')]' (tried for 10 second(s) with 500 milliseconds interval)
	at com.webecc.regressionstests.BaukastenRegressionsTest.bugTicketWEBECC3699(BaukastenRegressionsTest.java:81)
Caused by: org.openqa.selenium.NoSuchElementException: 
no such element: Unable to locate element: {"method":"xpath","selector":"//cds-icon[starts-with(@id, 'showHideColumnsButton_')]"}
  (Session info: chrome=135.0.7049.85)
For documentation on this error, please visit: https://www.selenium.dev/documentation/webdriver/troubleshooting/errors#no-such-element-exception
Build info: version: '4.20.0', revision: '866c76ca80'
System info: os.name: 'Windows 11', os.arch: 'amd64', os.version: '10.0', java.version: '21.0.2'
Driver info: org.openqa.selenium.chrome.ChromeDriver
Command: [109b5b7a273728b884d800b673034a2c, findElement {value=//cds-icon[starts-with(@id, 'showHideColumnsButton_')], using=xpath}]
Capabilities {acceptInsecureCerts: false, browserName: chrome, browserVersion: 135.0.7049.85, chrome: {chromedriverVersion: 135.0.7049.84 (6c019e560019..., userDataDir: C:\Users\ALIM~1.HAM\AppData...}, fedcm:accounts: true, goog:chromeOptions: {debuggerAddress: localhost:59399}, networkConnectionEnabled: false, pageLoadStrategy: normal, platformName: windows, proxy: Proxy(), se:cdp: ws://localhost:59399/devtoo..., se:cdpVersion: 135.0.7049.85, setWindowRect: true, strictFileInteractability: false, timeouts: {implicit: 0, pageLoad: 300000, script: 30000}, unhandledPromptBehavior: dismiss and notify, webauthn:extension:credBlob: true, webauthn:extension:largeBlob: true, webauthn:extension:minPinLength: true, webauthn:extension:prf: true, webauthn:virtualAuthenticators: true}
Session ID: 109b5b7a273728b884d800b673034a2c
	at com.webecc.regressionstests.BaukastenRegressionsTest.bugTicketWEBECC3699(BaukastenRegressionsTest.java:81)

