-------------------------------------------------------------------------------
Test set: TestSuite
-------------------------------------------------------------------------------
Tests run: 16, Failures: 1, Errors: 0, Skipped: 0, Time elapsed: 194.334 s <<< FAILURE! - in TestSuite
testAbsichtlichFehlgeschlagen(com.webecc.regressionstests.BaukastenRegressionsTest)  Time elapsed: 0.588 s  <<< FAILURE!
java.lang.AssertionError: Dieser Test schlägt absichtlich fehl expected [true] but found [false]
	at com.webecc.regressionstests.BaukastenRegressionsTest.testAbsichtlichFehlgeschlagen(BaukastenRegressionsTest.java:82)

