<?xml version="1.0" encoding="UTF-8"?>
<!-- Generated by org.testng.reporters.JUnitXMLReporter -->
<testsuite ignored="0" hostname="ALIMHAMU-218394" failures="0" tests="13" name="All Tests" time="86.0" errors="0" timestamp="2025-04-11T00:05:12 MESZ">
  <testcase classname="com.webecc.KatalogSeitenRegressionsTest" name="loginTest" time="4.958"/>
  <testcase classname="com.webecc.KatalogSeitenRegressionsTest" name="sachnummernValidierungBeiStueckWWWEBECC3984Szenario3" time="12.827"/>
  <testcase classname="com.webecc.KatalogSeitenRegressionsTest" name="sachnummernValidierungBeiStueckWWWEBECC3984Szenario4" time="13.753"/>
  <testcase classname="com.webecc.LexikonRegressionTest" name="loginTest" time="6.826"/>
  <testcase classname="com.webecc.LexikonRegressionTest" name="openTheTextschluesselDetailansicht" time="1.063"/>
  <testcase classname="com.webecc.LexikonRegressionTest" name="textschluesselSuchen" time="0.771"/>
  <testcase classname="com.webecc.LexikonRegressionTest" name="checkTheHeaderText" time="0.1"/>
  <testcase classname="com.webecc.LexikonRegressionTest" name="dieTextLabelSollNichtExistieren" time="10.264"/>
  <testcase classname="com.webecc.LexikonRegressionTest" name="istDerAnlegenVonNeueTextSchluesselErfolgreich" time="5.295"/>
  <testcase classname="com.webecc.LexikonRegressionTest" name="istNeuAngelegteTextSchluesselRichtigAngezeigt" time="0.085"/>
  <testcase classname="com.webecc.BaukastenRegressionsTest" name="loginTest" time="5.167"/>
  <testcase classname="com.webecc.BaukastenRegressionsTest" name="baukastenSuchen" time="11.985"/>
  <testcase classname="com.webecc.BaukastenRegressionsTest" name="bugTicketWEBECC3699" time="9.017"/>
</testsuite> <!-- All Tests -->
